<?xml version="1.0" encoding="UTF-8"?><testsuite errors="0" failures="1" name="Deleting an existing employee" skipped="1" tests="2" time="0.54" timestamp="2021-08-22 05:00:42"><testcase name="Validating the ability to restrict employee deletion in an organization when invalid employee id is provided"><failure message="1 expectation failed.&#10;Expected status code &lt;404&gt; but was &lt;200&gt;.&#10;" type="java.lang.AssertionError">1 expectation failed.
Expected status code &lt;404&gt; but was &lt;200&gt;.
</failure><system-err>1 expectation failed.
Expected status code &lt;404&gt; but was &lt;200&gt;.

io.restassured.internal.ResponseSpecificationImpl.validateResponseIfRequired(ResponseSpecificationImpl.groovy:674)
io.restassured.internal.ResponseSpecificationImpl.statusCode(ResponseSpecificationImpl.groovy:126)
io.restassured.internal.ResponseSpecificationImpl.statusCode(ResponseSpecificationImpl.groovy:134)
io.restassured.internal.ValidatableResponseOptionsImpl.statusCode(ValidatableResponseOptionsImpl.java:89)
io.restassured.internal.ValidatableResponseImpl.super$2$statusCode(ValidatableResponseImpl.groovy)
groovy.lang.MetaMethod.doMethodInvoke(MetaMethod.java:323)
groovy.lang.MetaClassImpl.invokeMethod(MetaClassImpl.java:1267)
io.restassured.internal.ValidatableResponseImpl.statusCode(ValidatableResponseImpl.groovy:142)
io.restassured.internal.ValidatableResponseImpl.statusCode(ValidatableResponseImpl.groovy)
com.employeemanagement.stepdefinitions.EmployeeManagementStepDefinition.lambda$heShouldBePresentedWithAnError$7(EmployeeManagementStepDefinition.java:158)
net.serenitybdd.rest.SerenityRest.restAssuredThat(SerenityRest.java:626)
com.employeemanagement.stepdefinitions.EmployeeManagementStepDefinition.heShouldBePresentedWithAnError(EmployeeManagementStepDefinition.java:158)
✽.he should be presented with an error(classpath:features/employeeManagement/deleting_an_existing_employee.feature:15)
</system-err></testcase></testsuite>