<?xml version="1.0" encoding="UTF-8"?><testsuite errors="1" failures="1" name="Updating existing employee details" skipped="0" tests="2" time="1.02" timestamp="2021-08-22 04:57:20"><testcase name="Validating the ability to update existing employee details in an organization"><error message="1 expectation failed.&#10;Expected status code &lt;200&gt; but was &lt;429&gt;.&#10;" type="java.lang.AssertionError">1 expectation failed.
Expected status code &lt;200&gt; but was &lt;429&gt;.
</error><system-err>1 expectation failed.
Expected status code &lt;200&gt; but was &lt;429&gt;.

io.restassured.internal.ResponseSpecificationImpl.validateResponseIfRequired(ResponseSpecificationImpl.groovy:674)
io.restassured.internal.ResponseSpecificationImpl.statusCode(ResponseSpecificationImpl.groovy:126)
io.restassured.internal.ResponseSpecificationImpl.statusCode(ResponseSpecificationImpl.groovy:134)
io.restassured.internal.ValidatableResponseOptionsImpl.statusCode(ValidatableResponseOptionsImpl.java:89)
io.restassured.internal.ValidatableResponseImpl.super$2$statusCode(ValidatableResponseImpl.groovy)
groovy.lang.MetaMethod.doMethodInvoke(MetaMethod.java:323)
groovy.lang.MetaClassImpl.invokeMethod(MetaClassImpl.java:1267)
io.restassured.internal.ValidatableResponseImpl.statusCode(ValidatableResponseImpl.groovy:142)
io.restassured.internal.ValidatableResponseImpl.statusCode(ValidatableResponseImpl.groovy)
com.employeemanagement.stepdefinitions.EmployeeManagementStepDefinition.lambda$heShouldBeAbleToUpdateTheEmployeeDetailsSuccessfully$5(EmployeeManagementStepDefinition.java:116)
net.serenitybdd.rest.SerenityRest.restAssuredThat(SerenityRest.java:626)
com.employeemanagement.stepdefinitions.EmployeeManagementStepDefinition.heShouldBeAbleToUpdateTheEmployeeDetailsSuccessfully(EmployeeManagementStepDefinition.java:116)
✽.he should be able to update the employee details successfully(classpath:features/employeeManagement/updating_existing_employee_details.feature:6)
</system-err></testcase></testsuite>