<?xml version="1.0" encoding="UTF-8"?><testsuite errors="0" failures="2" name="Creating a new employee" skipped="0" tests="4" time="5.07" timestamp="2021-08-22 04:56:55"><testcase name="Validating the ability to create a new employee in an organization when valid employee data is provided"/><testcase name="Validating the ability to restrict new employee creation in an organization when invalid employee data is provided"><failure message="1 expectation failed.&#10;Expected status code &lt;400&gt; but was &lt;200&gt;.&#10;" type="java.lang.AssertionError">1 expectation failed.
Expected status code &lt;400&gt; but was &lt;200&gt;.
</failure><system-err>1 expectation failed.
Expected status code &lt;400&gt; but was &lt;200&gt;.

io.restassured.internal.ResponseSpecificationImpl.validateResponseIfRequired(ResponseSpecificationImpl.groovy:674)
io.restassured.internal.ResponseSpecificationImpl.statusCode(ResponseSpecificationImpl.groovy:126)
io.restassured.internal.ResponseSpecificationImpl.statusCode(ResponseSpecificationImpl.groovy:134)
io.restassured.internal.ValidatableResponseOptionsImpl.statusCode(ValidatableResponseOptionsImpl.java:89)
io.restassured.internal.ValidatableResponseImpl.super$2$statusCode(ValidatableResponseImpl.groovy)
groovy.lang.MetaMethod.doMethodInvoke(MetaMethod.java:323)
groovy.lang.MetaClassImpl.invokeMethod(MetaClassImpl.java:1267)
io.restassured.internal.ValidatableResponseImpl.statusCode(ValidatableResponseImpl.groovy:142)
io.restassured.internal.ValidatableResponseImpl.statusCode(ValidatableResponseImpl.groovy)
com.employeemanagement.stepdefinitions.EmployeeManagementStepDefinition.lambda$heShouldNotBeAbleToCreateANewEmployee$2(EmployeeManagementStepDefinition.java:57)
net.serenitybdd.rest.SerenityRest.restAssuredThat(SerenityRest.java:626)
com.employeemanagement.stepdefinitions.EmployeeManagementStepDefinition.heShouldNotBeAbleToCreateANewEmployee(EmployeeManagementStepDefinition.java:57)
âœ½.he should not be able to create a new employee(classpath:features/employeeManagement/creating_new_employee.feature:15)
</system-err></testcase></testsuite>