<?xml version="1.0" encoding="UTF-8"?><testsuite errors="1" failures="0" name="Viewing employee(s) details" skipped="0" tests="3" time="1.77" timestamp="2021-08-29 06:07:38"><testcase name="Validating the ability to view an existing employee in an organization"/><testcase name="Validating the ability to view all existing employee in an organization"><error message="Expected BEGIN_OBJECT but was BEGIN_ARRAY at line 1 column 29 path $.data" type="java.lang.IllegalStateException">Expected BEGIN_OBJECT but was BEGIN_ARRAY at line 1 column 29 path $.data</error><system-err>Expected BEGIN_OBJECT but was BEGIN_ARRAY at line 1 column 29 path $.data
com.google.gson.stream.JsonReader.beginObject(JsonReader.java:386)
com.google.gson.Gson.fromJson(Gson.java:932)
com.google.gson.Gson.fromJson(Gson.java:897)
com.google.gson.Gson.fromJson(Gson.java:846)
com.google.gson.Gson.fromJson(Gson.java:817)
io.restassured.internal.path.json.mapping.JsonPathGsonObjectDeserializer.deserialize(JsonPathGsonObjectDeserializer.groovy:35)
io.restassured.internal.mapping.GsonMapper.deserialize(GsonMapper.groovy:39)
io.restassured.internal.mapping.ObjectMapping.parseWithGson(ObjectMapping.groovy:230)
io.restassured.internal.mapping.ObjectMapping.deserialize(ObjectMapping.groovy:63)
io.restassured.internal.RestAssuredResponseOptionsGroovyImpl.as(RestAssuredResponseOptionsGroovyImpl.groovy:231)
io.restassured.internal.RestAssuredResponseOptionsImpl.as(RestAssuredResponseOptionsImpl.java:169)
com.employeemanagement.stepdefinitions.EmployeeManagementStepDefinition.sheShouldBeAbleToViewTheCompleteEmployeeListWithDetails(EmployeeManagementStepDefinition.java:93)
io.cucumber.java.Invoker.doInvoke(Invoker.java:66)
io.cucumber.java.Invoker.invoke(Invoker.java:24)
io.cucumber.java.AbstractGlueDefinition.invokeMethod(AbstractGlueDefinition.java:47)
io.cucumber.java.JavaStepDefinition.execute(JavaStepDefinition.java:29)
io.cucumber.core.runner.CoreStepDefinition.execute(CoreStepDefinition.java:66)
io.cucumber.core.runner.PickleStepDefinitionMatch.runStep(PickleStepDefinitionMatch.java:63)
io.cucumber.core.runner.TestStep.executeStep(TestStep.java:92)
io.cucumber.core.runner.TestStep.run(TestStep.java:64)
io.cucumber.core.runner.PickleStepTestStep.run(PickleStepTestStep.java:51)
io.cucumber.core.runner.TestCase.run(TestCase.java:104)
io.cucumber.core.runner.Runner.runPickle(Runner.java:73)
io.cucumber.junit.FeatureRunner.runChild(FeatureRunner.java:135)
io.cucumber.junit.FeatureRunner.runChild(FeatureRunner.java:27)
io.cucumber.junit.CucumberSerenityRunner.runChild(CucumberSerenityRunner.java:235)
io.cucumber.junit.CucumberSerenityRunner.runChild(CucumberSerenityRunner.java:54)
</system-err></testcase></testsuite>