<?xml version="1.0" encoding="UTF-8"?><testsuite errors="0" failures="1" name="Viewing employee(s) details" skipped="0" tests="1" time="0.57" timestamp="2021-08-22 05:00:44"><testcase name="Validating the ability to view all existing employee in an organization"><failure message="1 expectation failed.&#10;Expected status code &lt;200&gt; but was &lt;429&gt;.&#10;" type="java.lang.AssertionError">1 expectation failed.
Expected status code &lt;200&gt; but was &lt;429&gt;.
</failure><system-err>1 expectation failed.
Expected status code &lt;200&gt; but was &lt;429&gt;.

io.restassured.internal.ResponseSpecificationImpl.validateResponseIfRequired(ResponseSpecificationImpl.groovy:674)
io.restassured.internal.ResponseSpecificationImpl.statusCode(ResponseSpecificationImpl.groovy:126)
io.restassured.internal.ResponseSpecificationImpl.statusCode(ResponseSpecificationImpl.groovy:134)
io.restassured.internal.ValidatableResponseOptionsImpl.statusCode(ValidatableResponseOptionsImpl.java:89)
io.restassured.internal.ValidatableResponseImpl.super$2$statusCode(ValidatableResponseImpl.groovy)
groovy.lang.MetaMethod.doMethodInvoke(MetaMethod.java:323)
groovy.lang.MetaClassImpl.invokeMethod(MetaClassImpl.java:1267)
io.restassured.internal.ValidatableResponseImpl.statusCode(ValidatableResponseImpl.groovy:142)
io.restassured.internal.ValidatableResponseImpl.statusCode(ValidatableResponseImpl.groovy)
com.employeemanagement.stepdefinitions.EmployeeManagementStepDefinition.lambda$sheShouldBeAbleToViewTheCompleteEmployeeListWithDetails$4(EmployeeManagementStepDefinition.java:92)
net.serenitybdd.rest.SerenityRest.restAssuredThat(SerenityRest.java:626)
com.employeemanagement.stepdefinitions.EmployeeManagementStepDefinition.sheShouldBeAbleToViewTheCompleteEmployeeListWithDetails(EmployeeManagementStepDefinition.java:92)
✽.she should be able to view the complete employee list with details(classpath:features/employeeManagement/viewing_existing_employee_details.feature:16)
</system-err></testcase></testsuite>